0 info it worked if it ends with ok
1 verbose cli [ 'C:\\Program Files\\nodejs\\node.exe',
1 verbose cli   'C:\\Program Files\\nodejs\\node_modules\\npm\\bin\\npm-cli.js',
1 verbose cli   'run',
1 verbose cli   'build' ]
2 info using npm@3.10.9
3 info using node@v7.2.0
4 verbose run-script [ 'prebuild', 'build', 'postbuild' ]
5 info lifecycle image-editor@1.0.0~prebuild: image-editor@1.0.0
6 silly lifecycle image-editor@1.0.0~prebuild: no script for prebuild, continuing
7 info lifecycle image-editor@1.0.0~build: image-editor@1.0.0
8 verbose lifecycle image-editor@1.0.0~build: unsafe-perm in lifecycle true
9 verbose lifecycle image-editor@1.0.0~build: PATH: C:\Program Files\nodejs\node_modules\npm\bin\node-gyp-bin;E:\git\image-editor\node_modules\.bin;C:\ProgramData\Oracle\Java\javapath;C:\WINDOWS\system32;C:\WINDOWS;C:\WINDOWS\System32\Wbem;C:\WINDOWS\System32\WindowsPowerShell\v1.0\;C:\Program Files\Java\jdk1.8.0_73\bin;C:\Python27;D:\work\svn\bin;C:\Program Files\Git\cmd;D:\work\tortoisegit\bin;E:\git\nvmw;C:\Program Files\nodejs\;C:\Users\totti\AppData\Local\Programs\Python\Python35\Scripts\;C:\Users\totti\AppData\Local\Programs\Python\Python35\;C:\Program Files (x86)\Microsoft VS Code\bin;C:\Users\totti\AppData\Local\Microsoft\WindowsApps;C:\Users\totti\AppData\Local\atom\bin;C:\Users\totti\AppData\Local\Pandoc\;C:\Users\totti\AppData\Local\Programs\MiKTeX 2.9\miktex\bin\x64\;C:\Users\totti\AppData\Roaming\npm
10 verbose lifecycle image-editor@1.0.0~build: CWD: E:\git\image-editor
11 silly lifecycle image-editor@1.0.0~build: Args: [ '/d /s /c', 'webpack --progress' ]
12 verbose stack Error: kill ENOSYS
12 verbose stack     at exports._errnoException (util.js:1022:11)
12 verbose stack     at process.kill (internal/process.js:173:13)
12 verbose stack     at process.listener (C:\Program Files\nodejs\node_modules\npm\node_modules\npmlog\node_modules\gauge\node_modules\signal-exit\index.js:86:15)
12 verbose stack     at emitNone (events.js:91:20)
12 verbose stack     at process.emit (events.js:185:7)
12 verbose stack     at processEmit (C:\Program Files\nodejs\node_modules\npm\node_modules\npmlog\node_modules\gauge\node_modules\signal-exit\index.js:146:32)
12 verbose stack     at processEmit (C:\Program Files\nodejs\node_modules\npm\node_modules\npm-registry-client\node_modules\npmlog\node_modules\gauge\node_modules\signal-exit\index.js:146:32)
12 verbose stack     at Signal.wrap.onsignal (internal/process.js:200:44)
13 verbose cwd E:\git\image-editor
14 error Windows_NT 10.0.14393
15 error argv "C:\\Program Files\\nodejs\\node.exe" "C:\\Program Files\\nodejs\\node_modules\\npm\\bin\\npm-cli.js" "run" "build"
16 error node v7.2.0
17 error npm  v3.10.9
18 error code ENOSYS
19 error errno ENOSYS
20 error syscall kill
21 error kill ENOSYS
22 error If you need help, you may report this error at:
22 error     <https://github.com/npm/npm/issues>
23 verbose exit [ 1, true ]
